warning: avoid `println!`; use the `tracing` crate (`tracing::info!`, `tracing::debug!`, `tracing::error!`) for diagnostics, or `cli_println!` / `cli_eprintln!` (from `iter_cli::output`) for user-visible CLI output
  --> $DIR/main.rs:39:5
   |
LL |     println!("hello");
   |     ^^^^^^^^^^^^^^^^^
   |
   = note: `#[warn(no_std_print)]` on by default

warning: avoid `print!`; use the `tracing` crate (`tracing::info!`, `tracing::debug!`, `tracing::error!`) for diagnostics, or `cli_println!` / `cli_eprintln!` (from `iter_cli::output`) for user-visible CLI output
  --> $DIR/main.rs:40:5
   |
LL |     print!("hello");
   |     ^^^^^^^^^^^^^^^

warning: avoid `eprintln!`; use the `tracing` crate (`tracing::info!`, `tracing::debug!`, `tracing::error!`) for diagnostics, or `cli_println!` / `cli_eprintln!` (from `iter_cli::output`) for user-visible CLI output
  --> $DIR/main.rs:41:5
   |
LL |     eprintln!("oops");
   |     ^^^^^^^^^^^^^^^^^

warning: avoid `eprint!`; use the `tracing` crate (`tracing::info!`, `tracing::debug!`, `tracing::error!`) for diagnostics, or `cli_println!` / `cli_eprintln!` (from `iter_cli::output`) for user-visible CLI output
  --> $DIR/main.rs:42:5
   |
LL |     eprint!("oops");
   |     ^^^^^^^^^^^^^^^

warning: avoid `dbg!`; use the `tracing` crate (`tracing::info!`, `tracing::debug!`, `tracing::error!`) for diagnostics, or `cli_println!` / `cli_eprintln!` (from `iter_cli::output`) for user-visible CLI output
  --> $DIR/main.rs:43:13
   |
LL |     let _ = dbg!(42);
   |             ^^^^^^^^

warning: avoid `println!`; use the `tracing` crate (`tracing::info!`, `tracing::debug!`, `tracing::error!`) for diagnostics, or `cli_println!` / `cli_eprintln!` (from `iter_cli::output`) for user-visible CLI output
  --> $DIR/main.rs:57:5
   |
LL |     std::println!("qualified");
   |     ^^^^^^^^^^^^^^^^^^^^^^^^^^

warning: avoid `println!`; use the `tracing` crate (`tracing::info!`, `tracing::debug!`, `tracing::error!`) for diagnostics, or `cli_println!` / `cli_eprintln!` (from `iter_cli::output`) for user-visible CLI output
  --> $DIR/main.rs:58:5
   |
LL |     ::std::println!("absolute");
   |     ^^^^^^^^^^^^^^^^^^^^^^^^^^^

warning: avoid `dbg!`; use the `tracing` crate (`tracing::info!`, `tracing::debug!`, `tracing::error!`) for diagnostics, or `cli_println!` / `cli_eprintln!` (from `iter_cli::output`) for user-visible CLI output
  --> $DIR/main.rs:59:5
   |
LL |     std::dbg!(7);
   |     ^^^^^^^^^^^^

warning: 8 warnings emitted

